0:100  0:100  MemLog inited, TSC freq: 3192452670
0:100  0:000  CPU was calibrated with RTC
0:100  0:000  
0:100  0:000  Now is 6.6.2019,  19:45:34 (GMT)
0:100  0:000  Starting Clover revision: 4920 on American Megatrends EFI
0:100  0:000  Build with: [Args: -nb -mc --no-usb -D NO_GRUB_DRIVERS_EMBEDDED | -D DISABLE_USB_SUPPORT -D NO_GRUB_DRIVERS_EMBEDDED -D USE_BIOS_BLOCKIO -D USE_LOW_EBDA -D HAVE_LEGACY_EMURUNTIMEDXE -a X64 -b RELEASE -t XCODE8 -n 5 | OS: 10.13.6 | XCODE: 10.1]
0:100  0:000  SelfDevicePath=PciRoot(0x0)\Pci(0x1B,0x0)\Pci(0x0,0x0)\NVMe(0x1,97-B1-B3-71-B3-38-25-00)\HD(1,GPT,04BD6424-2DC4-4CED-8E3D-40B26A290A18,0x28,0x64000) @74774E98
0:100  0:000  SelfDirPath = \EFI\BOOT
0:100  0:000  === [ Get Smbios ] ========================================
0:100  0:000  Type 16 Index = 0
0:100  0:000  Total Memory Slots Count = 4
0:100  0:000  Type 17 Index = 0
0:100  0:000  SmbiosTable.Type17->Speed = 2666MHz
0:100  0:000  SmbiosTable.Type17->Size = 8192MB
0:100  0:000  SmbiosTable.Type17->Bank/Device = BANK 0 ChannelA-DIMM0
0:100  0:000  SmbiosTable.Type17->Vendor = 0898
0:100  0:000  SmbiosTable.Type17->SerialNumber = 00000000
0:100  0:000  SmbiosTable.Type17->PartNumber = IM48GU88N26-GIIHA0  
0:100  0:000  Type 17 Index = 1
0:100  0:000  Ignoring insane frequency value 0MHz
0:100  0:000  SmbiosTable.Type17->Speed = 0MHz
0:100  0:000  SmbiosTable.Type17->Size = 0MB
0:100  0:000  SmbiosTable.Type17->Bank/Device = BANK 1 ChannelA-DIMM1
0:100  0:000  SmbiosTable.Type17->Vendor = <null string>
0:100  0:000  SmbiosTable.Type17->SerialNumber = <null string>
0:100  0:000  SmbiosTable.Type17->PartNumber = <null string>
0:100  0:000  Type 17 Index = 2
0:100  0:000  SmbiosTable.Type17->Speed = 2666MHz
0:100  0:000  SmbiosTable.Type17->Size = 8192MB
0:100  0:000  SmbiosTable.Type17->Bank/Device = BANK 2 ChannelB-DIMM0
0:100  0:000  SmbiosTable.Type17->Vendor = 0898
0:100  0:000  SmbiosTable.Type17->SerialNumber = 00000000
0:100  0:000  SmbiosTable.Type17->PartNumber = IM48GU88N26-GIIHA0  
0:100  0:000  Type 17 Index = 3
0:100  0:000  Ignoring insane frequency value 0MHz
0:100  0:000  SmbiosTable.Type17->Speed = 0MHz
0:100  0:000  SmbiosTable.Type17->Size = 0MB
0:100  0:000  SmbiosTable.Type17->Bank/Device = BANK 3 ChannelB-DIMM1
0:100  0:000  SmbiosTable.Type17->Vendor = <null string>
0:100  0:000  SmbiosTable.Type17->SerialNumber = <null string>
0:100  0:000  SmbiosTable.Type17->PartNumber = <null string>
0:100  0:000  Boot status=0
0:100  0:000  Running on: 'B360M-D3H' with board 'B360M D3H-CF'
0:100  0:000  === [ GetCPUProperties ] ==================================
0:100  0:000  CPU Vendor = 756E6547 Model=906EA
0:100  0:000   The CPU supported SSE4.1
0:100  0:000  BrandString = Intel(R) Core(TM) i7-8700 CPU @ 3.20GHz
0:100  0:000   The CPU supported turbo
0:100  0:000  MSR 0x35               6000C
0:100  0:000   TSC/CCC Information Leaf:
0:100  0:000    numerator     : 266
0:100  0:000    denominator   : 2
0:100  0:000   Calibrated ARTFrequency: 24003403
0:100  0:000  MSR 0xE2 before patch 1E008000
0:100  0:000  MSR 0xE2 is locked, PM patches will be turned on
0:100  0:000  MSR 0xCE              08080838_F1012000
0:100  0:000  corrected FLEX_RATIO = 0
0:100  0:000  FSBFrequency = 99 MHz, DMI FSBFrequency = 100 MHz, Corrected FSBFrequency = 100 MHz
0:100  0:000  MaxDiv/MinDiv: 32.0/8
0:100  0:000  Turbo: 43/44/45/46
0:100  0:000  Features: 0xBFEBFBFF
0:100  0:000  Threads: 12
0:100  0:000  Cores: 6
0:100  0:000  FSB: 100 MHz
0:100  0:000  CPU: 3168 MHz
0:100  0:000  TSC: 3168 MHz
0:100  0:000  PIS: 100 MHz
0:100  0:000  ExternalClock: 25 MHz
0:100  0:000  === [ GetDevices ] ========================================
0:100  0:000  PCI (00|00:00.00) : 8086 3EC2 class=060000
0:100  0:000  PCI (00|00:01.00) : 8086 1901 class=060400
0:100  0:000  PCI (00|01:00.00) : 1002 67DF class=030000
0:100  0:000   - GFX: Model=AMD Radeon RX 480 (ATI/AMD)
0:100  0:000  PCI (00|01:00.01) : 1002 AAF0 class=040300
0:100  0:000   - HDMI Audio: 
0:100  0:000  PCI (00|00:02.00) : 8086 3E92 class=038000
0:100  0:000   - GFX: Model=Intel UHD Graphics 630 (Intel)
0:100  0:000  PCI (00|00:12.00) : 8086 A379 class=118000
0:100  0:000  PCI (00|00:14.00) : 8086 A36D class=0C0330
0:100  0:000  PCI (00|00:14.02) : 8086 A36F class=050000
0:100  0:000  PCI (00|00:16.00) : 8086 A360 class=078000
0:100  0:000  PCI (00|00:17.00) : 8086 A352 class=010601
0:100  0:000  PCI (00|00:1B.00) : 8086 A32C class=060400
0:100  0:000  PCI (00|02:00.00) : 144D A804 class=010802
0:100  0:000  PCI (00|00:1C.00) : 8086 A33C class=060400
0:100  0:000  PCI (00|03:00.00) : 14E4 43BA class=028000
0:100  0:000   - WIFI: Vendor=Broadcom
0:100  0:000  PCI (00|00:1D.00) : 8086 A330 class=060400
0:101  0:000  PCI (00|00:1D.03) : 8086 A333 class=060400
0:101  0:000  PCI (00|05:00.00) : 1283 8892 class=060401
0:101  0:000  PCI (00|00:1F.00) : 8086 A308 class=060100
0:101  0:000  PCI (00|00:1F.03) : 8086 A348 class=040300
0:101  0:000  PCI (00|00:1F.04) : 8086 A323 class=0C0500
0:101  0:000  PCI (00|00:1F.05) : 8086 A324 class=0C8000
0:101  0:000  PCI (00|00:1F.06) : 8086 15BC class=020000
0:101  0:000   - LAN: 0 Vendor=Intel
0:101  0:000  === [ GetDefaultSettings ] ================================
0:101  0:000  Clover load options size = 0 bytes
0:102  0:001  EFI\CLOVER\config.plist loaded: Success
0:102  0:000  === [ GetListOfThemes ] ===================================
0:102  0:000  - [00]: Minimalism
0:102  0:000  === [ Found config plists ] ===============================
0:102  0:000  - config.plist
0:102  0:000  === [ GetEarlyUserSettings ] ==============================
0:102  0:000  timeout set to 0
0:102  0:000  Custom boot CUSTOM_BOOT_DISABLED (0x0)
0:102  0:000  KextsToPatch: 2 requested
0:102  0:000   - [00]: com.apple.driver.AppleGraphicsDevicePolicy (Prevent AGDP from loading) :: BinPatch :: data len: 5
0:102  0:000   - [01]: com.apple.iokit.IOAHCIBlockStorage (Enable TRIM for SSD) :: BinPatch :: data len: 11
0:103  0:000  Default theme: Minimalism
0:103  0:000  Hiding entries with string Recovery
0:103  0:000  Hiding entries with string Preboot
0:103  0:000  Hiding entries with string VM
0:103  0:000  === [ LoadDrivers ] =======================================
0:103  0:000  Loading HFSPlus.efi  status=Success
0:104  0:000   - driver needs connecting
0:104  0:000  Loading SMCHelper-64.efi  status=Success
0:104  0:000  Loading AptioMemoryFix-64.efi  status=Success
0:106  0:001  Loading EmuVariableUefi.efi  status=Success
0:107  0:001  EmuVariableUefi Initialize: VariableCommonInitialize = Success, orig services stored, install gEmuVariableControlProtocolGuid = Success
0:107  0:000  Loading FSInject-64.efi  status=Success
0:108  0:000  Loading ApfsDriverLoader-64.efi  status=Success
0:109  0:000   - driver needs connecting
0:109  0:000  2 drivers needs connecting ...
0:109  0:000  PlatformDriverOverrideProtocol->GetDriver overriden
0:109  0:000  HFS+ driver loaded
0:109  0:000  APFS driver loaded
0:109  0:000  Searching for invalid DiskIo BY_DRIVER connects: not found, all ok
0:590  0:481  EmuVariable InstallEmulation: orig vars copied, emu.var.services installed, CreateEvent VirtualAddressChange = Success, CreateEvent ExitBootServices = Success, set Status=Success
0:617  0:027  === [ InitScreen ] ========================================
0:617  0:000  Console modes reported: 6, available modes:
0:617  0:000   - [01]: 80x25 (current mode)
0:617  0:000   - [02]: 80x50
0:617  0:000   - [03]: 100x31
0:617  0:000   - [04]: 127x33
0:617  0:000   - [06]: 120x50
0:617  0:000  SetMaxResolution: found best mode 4: 1920x1080
0:617  0:000   - already set
0:617  0:000  reinit: self device path=PciRoot(0x0)\Pci(0x1B,0x0)\Pci(0x0,0x0)\NVMe(0x1,97-B1-B3-71-B3-38-25-00)\HD(1,GPT,04BD6424-2DC4-4CED-8E3D-40B26A290A18,0x28,0x64000)
0:617  0:000  === [ GetMacAddress ] =====================================
0:617  0:000  MAC address of LAN #0= B4:2E:99:40:A2:51:
0:617  0:000  === [ ScanSPD ] ===========================================
0:618  0:000  Scanning SMBus [8086:A323], mmio: 0xA1A38004, ioport: 0xEFA0, hostc: 0x11
0:636  0:018  Slot: 0 Type 26 8192MB 2666MHz Vendor=NoName PartNo=IM48GU88N26-GIIHA0 SerialNo=0000000000000000
0:655  0:018  Slot: 2 Type 26 8192MB 2666MHz Vendor=NoName PartNo=IM48GU88N26-GIIHA0 SerialNo=0000000000000000
0:655  0:000  === [ GetAcpiTablesList ] =================================
0:655  0:000  Get Acpi Tables List from RSDT:
0:655  0:000   - [00]: FACP  A M I len=132
0:655  0:000   - [01]: APIC  A M I len=244
0:655  0:000   - [02]: FPDT  A M I len=68
0:655  0:000   - [03]: FIDT  A M I len=156
0:655  0:000   - [04]: MCFG  A M I len=60
0:655  0:000   - [05]: SSDT  A M I len=516
0:655  0:000   - [06]: SSDT  A M I len=6101
0:655  0:000   - [07]: SSDT  A M I len=31887
0:655  0:000   - [08]: SSDT  A M I len=12743
0:655  0:000   - [09]: SSDT  A M I len=9048
0:655  0:000   - [10]: HPET  A M I len=56
0:655  0:000   - [11]: SSDT  A M I len=7137
0:655  0:000   - [12]: SSDT  A M I len=3998
0:655  0:000   - [13]: SSDT  A M I len=11547
0:655  0:000   - [14]: UEFI  A M I len=72
0:655  0:000   - [15]: LPIT  A M I len=92
0:655  0:000   - [16]: SSDT  A M I len=10206
0:655  0:000   - [17]: SSDT  A M I len=4094
0:655  0:000   - [18]: DBGP  A M I len=52
0:655  0:000   - [19]: DBG2  A M I len=84
0:655  0:000   - [20]: DMAR  A M I len=168
0:655  0:000   - [21]: BGRT  A M I len=56
0:655  0:000   - [22]: WSMT  A M I len=40
0:655  0:000  Calibrated TSC Frequency = 3192452670 = 3192MHz
0:655  0:000  === [ GetUserSettings ] ===================================
0:655  0:000  Add 1 devices:
0:655  0:000  USB FixOwnership: yes
0:655  0:000   - final DSDT Fix mask=00000000
0:655  0:000  PatchesDSDT: 4 requested
0:655  0:000   - [00]: (change GFX0 to IGPU) lenToFind: 4, lenToReplace: 4, Target Bridge: <null string>
0:655  0:000   - [01]: (change HDAS to HDEF) lenToFind: 4, lenToReplace: 4, Target Bridge: <null string>
0:655  0:000   - [02]: (change HECI to IMEI) lenToFind: 4, lenToReplace: 4, Target Bridge: <null string>
0:655  0:000   - [03]: (change MEI to IMEI) lenToFind: 4, lenToReplace: 4, Target Bridge: <null string>
0:655  0:000  smartUPS: present
0:655  0:000  Using ProductName from config: iMac19,1
0:655  0:000  Found same BiosVersion in clover and config
0:655  0:000  BiosVersion: IM191.88Z.F000.B00.1902181222
0:655  0:000  BiosReleaseDate: 02/18/2019
0:655  0:000  Using EfiVersion from config: 220.250.368.0.0
0:655  0:000  Using FirmwareFeatures from config: 0xFC0FE137
0:655  0:000  Using FirmwareFeaturesMask from config: 0xFF1FFF3F
0:655  0:000  Board-ID set from config as Mac-AA95B1DDAB278B95
0:655  0:000  BoardType: 0xA
0:655  0:000  ChassisType: 0x9
0:656  0:000  === [ Found DSDT tables ] =================================
0:656  0:000  - DSDT.aml
0:702  0:045  === [ ScanVolumes ] =======================================
0:702  0:000  Found 24 volumes with blockIO
0:702  0:000  - [00]: Volume: PciRoot(0x0)\Pci(0x14,0x0)\USB(0x15,0x0)\USB(0x3,0x0)\USB(0x3,0x0)
0:702  0:000          USB volume
0:702  0:000          USB volume
0:702  0:000          USB volume
0:702  0:000  - [01]: Volume: PciRoot(0x0)\Pci(0x14,0x0)\USB(0x15,0x0)\USB(0x3,0x0)\USB(0x3,0x0)\HD(1,GPT,21FF6BE1-65A1-4EA5-9B7F-F9B553171A18,0x28,0x64000)
0:702  0:000          Result of bootcode detection: bootable unknown (legacy)
0:702  0:000          USB volume
0:702  0:000          USB volume
0:702  0:000          USB volume
0:797  0:095  - [02]: Volume: PciRoot(0x0)\Pci(0x14,0x0)\USB(0x15,0x0)\USB(0x3,0x0)\USB(0x3,0x0)\HD(2,GPT,58854C47-9B6A-435A-9BBE-D370E9EC1457,0x64028,0x5CF85510)
0:797  0:000          USB volume
0:797  0:000          USB volume
0:797  0:000          USB volume
0:797  0:000  - [03]: Volume: PciRoot(0x0)\Pci(0x14,0x0)\USB(0x15,0x0)\USB(0x3,0x0)\USB(0x3,0x0)\HD(3,GPT,64464DEC-5FEC-4B30-8B62-E95DE1FD8593,0x5CFE9800,0xF014800)
0:798  0:000          Result of bootcode detection: bootable Windows (win)
0:798  0:000          USB volume
0:798  0:000          USB volume
0:798  0:000          USB volume
0:798  0:000  - [04]: Volume: PciRoot(0x0)\Pci(0x14,0x0)\USB(0x15,0x0)\USB(0x3,0x0)\USB(0x3,0x0)\HD(4,GPT,0000126B-C130-A917-9CEB-FF6BD6240000,0x6BFFE000,0x86F8000)
0:798  0:000          Result of bootcode detection: bootable unknown (legacy)
0:798  0:000          USB volume
0:798  0:000          USB volume
0:798  0:000          USB volume
0:798  0:000  - [05]: Volume: PciRoot(0x0)\Pci(0x14,0x0)\USB(0x15,0x0)\USB(0x3,0x0)\USB(0x3,0x0)\Unit(0x1)
0:798  0:000          USB volume
0:798  0:000          USB volume
0:798  0:000          USB volume
0:798  0:000  - [06]: Volume: PciRoot(0x0)\Pci(0x1B,0x0)\Pci(0x0,0x0)\NVMe(0x1,97-B1-B3-71-B3-38-25-00)
0:798  0:000          hiding this volume
0:798  0:000  - [07]: Volume: PciRoot(0x0)\Pci(0x1B,0x0)\Pci(0x0,0x0)\NVMe(0x1,97-B1-B3-71-B3-38-25-00)\HD(1,GPT,04BD6424-2DC4-4CED-8E3D-40B26A290A18,0x28,0x64000)
0:798  0:000          Result of bootcode detection: bootable unknown (legacy)
0:798  0:000          hiding this volume
0:798  0:000          This is SelfVolume !!
0:798  0:000  - [08]: Volume: PciRoot(0x0)\Pci(0x1B,0x0)\Pci(0x0,0x0)\NVMe(0x1,97-B1-B3-71-B3-38-25-00)\HD(2,GPT,7B3166B7-3EBB-4974-9EBE-4F0815F931EE,0x64028,0x3B97D260)
0:798  0:000          Result of bootcode detection: bootable unknown (legacy)
0:798  0:000          hiding this volume
0:798  0:000  - [09]: Volume: PciRoot(0x0)\Pci(0x17,0x0)\Sata(0x0,0xFFFF,0x0)
0:800  0:002          Result of bootcode detection: bootable unknown (legacy)
0:800  0:000  - [10]: Volume: PciRoot(0x0)\Pci(0x17,0x0)\Sata(0x1,0xFFFF,0x0)
0:801  0:000  - [11]: Volume: PciRoot(0x0)\Pci(0x17,0x0)\Sata(0x2,0xFFFF,0x0)
0:802  0:000  - [12]: Volume: PciRoot(0x0)\Pci(0x17,0x0)\Sata(0x0,0xFFFF,0x0)\HD(1,GPT,D674A31F-D154-469D-91B8-18622012C2DD,0x800,0xF9800)
0:802  0:000          Result of bootcode detection: bootable Windows (vista,win)
0:802  0:000  - [13]: Volume: PciRoot(0x0)\Pci(0x17,0x0)\Sata(0x0,0xFFFF,0x0)\HD(2,GPT,BC476E85-4D55-4EA6-9D69-DCEE7B56F64F,0xFA000,0x31800)
0:803  0:000          Result of bootcode detection: bootable Windows (vista,win)
0:805  0:001  - [14]: Volume: PciRoot(0x0)\Pci(0x17,0x0)\Sata(0x0,0xFFFF,0x0)\HD(3,GPT,29CCF79B-4F28-4BFF-9DD1-230493C68E05,0x12B800,0x8000)
0:805  0:000  - [15]: Volume: PciRoot(0x0)\Pci(0x17,0x0)\Sata(0x0,0xFFFF,0x0)\HD(4,GPT,7D437EDE-1FB4-4AC4-B72F-FAD858E823E3,0x133800,0x1D092000)
0:806  0:000          Result of bootcode detection: bootable Windows (vista,win)
0:806  0:000  - [16]: Volume: PciRoot(0x0)\Pci(0x17,0x0)\Sata(0x1,0xFFFF,0x0)\HD(1,GPT,6FA3937E-83A3-4EAF-BC27-30C1E8ED60F5,0x28,0x64000)
0:806  0:000          Result of bootcode detection: bootable unknown (legacy)
0:822  0:015  - [17]: Volume: PciRoot(0x0)\Pci(0x17,0x0)\Sata(0x1,0xFFFF,0x0)\HD(2,GPT,C353643B-7A62-4748-BC1E-22723E0D3CE6,0x64028,0x74662D60)
0:822  0:000  - [18]: Volume: PciRoot(0x0)\Pci(0x17,0x0)\Sata(0x2,0xFFFF,0x0)\HD(1,GPT,2E17CDE5-5725-4883-B41F-A4B25FE7395F,0x28,0x64000)
0:823  0:000          Result of bootcode detection: bootable unknown (legacy)
0:857  0:034  - [19]: Volume: PciRoot(0x0)\Pci(0x17,0x0)\Sata(0x2,0xFFFF,0x0)\HD(2,GPT,64BB23CD-F73F-457A-93FA-C73225E13B11,0x64028,0x173FB160)
0:858  0:000  - [20]: Volume: PciRoot(0x0)\Pci(0x1B,0x0)\Pci(0x0,0x0)\NVMe(0x1,97-B1-B3-71-B3-38-25-00)\HD(2,GPT,7B3166B7-3EBB-4974-9EBE-4F0815F931EE,0x64028,0x3B97D260)\VenMedia(BE74FCF7-0B7C-49F3-9147-01F4042E6842,B82144C58E5B904DB484290688469512)
0:858  0:000          hiding this volume
0:858  0:000  - [21]: Volume: PciRoot(0x0)\Pci(0x1B,0x0)\Pci(0x0,0x0)\NVMe(0x1,97-B1-B3-71-B3-38-25-00)\HD(2,GPT,7B3166B7-3EBB-4974-9EBE-4F0815F931EE,0x64028,0x3B97D260)\VenMedia(BE74FCF7-0B7C-49F3-9147-01F4042E6842,B2A722464DF2464DA24616B25EE42CD7)
0:858  0:000          hiding this volume
0:858  0:000  - [22]: Volume: PciRoot(0x0)\Pci(0x1B,0x0)\Pci(0x0,0x0)\NVMe(0x1,97-B1-B3-71-B3-38-25-00)\HD(2,GPT,7B3166B7-3EBB-4974-9EBE-4F0815F931EE,0x64028,0x3B97D260)\VenMedia(BE74FCF7-0B7C-49F3-9147-01F4042E6842,F576D0CF3C4C6445A7FFF8E5F179AE97)
0:858  0:000          hiding this volume
0:858  0:000  - [23]: Volume: PciRoot(0x0)\Pci(0x1B,0x0)\Pci(0x0,0x0)\NVMe(0x1,97-B1-B3-71-B3-38-25-00)\HD(2,GPT,7B3166B7-3EBB-4974-9EBE-4F0815F931EE,0x64028,0x3B97D260)\VenMedia(BE74FCF7-0B7C-49F3-9147-01F4042E6842,FA9B417DD35A9D4EB356D841FD516A47)
0:858  0:000          hiding this volume
0:861  0:003  PutNvramPlistToRtVars: nvram.plist not found
0:861  0:000  No AudioIoProtocols, status=Not Found
0:861  0:000  === [ InitTheme ] =========================================
0:861  0:000  use daylight theme
0:862  0:000  Using theme 'Minimalism' (EFI\CLOVER\themes\Minimalism)
0:862  0:000  OS main and drive as badge
0:862  0:000  file sound read: sound.wav Not Found
0:863  0:000  Loading font from ThemeDir: Success
0:863  0:000  theme inited
0:863  0:000  Chosen theme Minimalism
0:863  0:000  after NVRAM boot-args=darkwake=0
0:863  0:000  === [ Dump SMC keys from NVRAM ] ==========================
0:863  0:000  found AppleSMC protocol
0:863  0:000  Registered 16 SMC keys
0:863  0:000  === [ ScanLoader ] ========================================
0:863  0:000  - [01]: 'EFI'
0:868  0:004  - [02]: 'WDEHD_HFS+'
0:872  0:003  - [07]: 'EFI', hidden
0:872  0:000  - [13]: 'EFI'
0:885  0:013          AddLoaderEntry for Volume Name=EFI
0:914  0:028          AddLoaderEntry for Volume Name=EFI
0:914  0:000          skipped because entry is hidden
0:914  0:000  - [16]: 'EFI'
0:947  0:032  - [17]: 'Synology'
0:950  0:003  - [18]: 'EFI'
1:004  0:054  - [19]: 'ETC'
1:008  0:003  - [20]: 'Preboot', hidden
1:008  0:000  - [21]: 'macOS', hidden
1:008  0:000  - [22]: 'Recovery', hidden
1:008  0:000  - [23]: 'VM', hidden
1:008  0:000  Scanning legacy ...
1:008  0:000   3: 'Legacy HD3' (win) add legacy
1:009  0:000   added 'Boot Windows from Legacy HD3' OSType=2 Icon=win
1:009  0:000  12: 'Legacy HD1' (vista,win) add legacy
1:009  0:000   added 'Boot Windows from Legacy HD1' OSType=2 Icon=vista,win
1:009  0:000  13: 'EFI' (vista,win) add legacy
1:009  0:000   added 'Boot Windows from EFI' OSType=2 Icon=vista,win
1:009  0:000  15: 'Legacy HD4' (vista,win) add legacy
1:010  0:000   added 'Boot Windows from Legacy HD4' OSType=2 Icon=vista,win
1:010  0:000  === [ AddCustomTool ] =====================================
1:010  0:000  found tool \EFI\CLOVER\tools\Shell64U.efi
1:010  0:000  Checking EFI partition Volume 1 for Clover
1:010  0:000  Checking EFI partition Volume 7 for Clover
1:010  0:000   Found Clover
1:010  0:000  EmuVariable UninstallEmulation: CloseEvent = Success, original var services restored
1:011  0:000  EmuVariable InstallEmulation: orig vars copied, emu.var.services installed, CreateEvent VirtualAddressChange = Success, CreateEvent ExitBootServices = Success, set Status=Success
1:038  0:027  === [ GetEfiBootDeviceFromNvram ] =========================
1:038  0:000  Default boot entry not found
1:038  0:000  EmuVariable UninstallEmulation: CloseEvent = Success, original var services restored
1:038  0:000  DefaultIndex=-1 and MainMenu.EntryCount=11
1:115  0:076          [!] Icon 23 (selection_small.png) not found (path: EFI\CLOVER\themes\Minimalism)
1:123  0:007  GUI ready
39:631  38:508  ReinitSelfLib after theme change
39:631  0:000  reinit: self device path=PciRoot(0x0)\Pci(0x1B,0x0)\Pci(0x0,0x0)\NVMe(0x1,97-B1-B3-71-B3-38-25-00)\HD(1,GPT,04BD6424-2DC4-4CED-8E3D-40B26A290A18,0x28,0x64000)
39:632  0:000  === [ ScanVolumes ] =======================================
39:632  0:000  Found 24 volumes with blockIO
39:632  0:000  - [00]: Volume: PciRoot(0x0)\Pci(0x14,0x0)\USB(0x15,0x0)\USB(0x3,0x0)\USB(0x3,0x0)
39:632  0:000          USB volume
39:632  0:000          USB volume
39:632  0:000          USB volume
39:632  0:000  - [01]: Volume: PciRoot(0x0)\Pci(0x14,0x0)\USB(0x15,0x0)\USB(0x3,0x0)\USB(0x3,0x0)\HD(1,GPT,21FF6BE1-65A1-4EA5-9B7F-F9B553171A18,0x28,0x64000)
39:632  0:000          Result of bootcode detection: bootable unknown (legacy)
39:632  0:000          USB volume
39:632  0:000          USB volume
39:632  0:000          USB volume
39:632  0:000  - [02]: Volume: PciRoot(0x0)\Pci(0x14,0x0)\USB(0x15,0x0)\USB(0x3,0x0)\USB(0x3,0x0)\HD(2,GPT,58854C47-9B6A-435A-9BBE-D370E9EC1457,0x64028,0x5CF85510)
39:632  0:000          USB volume
39:632  0:000          USB volume
39:632  0:000          USB volume
39:632  0:000  - [03]: Volume: PciRoot(0x0)\Pci(0x14,0x0)\USB(0x15,0x0)\USB(0x3,0x0)\USB(0x3,0x0)\HD(3,GPT,64464DEC-5FEC-4B30-8B62-E95DE1FD8593,0x5CFE9800,0xF014800)
39:633  0:000          Result of bootcode detection: bootable Windows (win)
39:633  0:000          USB volume
39:633  0:000          USB volume
39:633  0:000          USB volume
39:633  0:000  - [04]: Volume: PciRoot(0x0)\Pci(0x14,0x0)\USB(0x15,0x0)\USB(0x3,0x0)\USB(0x3,0x0)\HD(4,GPT,0000126B-C130-A917-9CEB-FF6BD6240000,0x6BFFE000,0x86F8000)
39:633  0:000          Result of bootcode detection: bootable unknown (legacy)
39:633  0:000          USB volume
39:633  0:000          USB volume
39:633  0:000          USB volume
39:633  0:000  - [05]: Volume: PciRoot(0x0)\Pci(0x14,0x0)\USB(0x15,0x0)\USB(0x3,0x0)\USB(0x3,0x0)\Unit(0x1)
39:633  0:000          USB volume
39:633  0:000          USB volume
39:633  0:000          USB volume
39:633  0:000  - [06]: Volume: PciRoot(0x0)\Pci(0x1B,0x0)\Pci(0x0,0x0)\NVMe(0x1,97-B1-B3-71-B3-38-25-00)
39:633  0:000  - [07]: Volume: PciRoot(0x0)\Pci(0x1B,0x0)\Pci(0x0,0x0)\NVMe(0x1,97-B1-B3-71-B3-38-25-00)\HD(1,GPT,04BD6424-2DC4-4CED-8E3D-40B26A290A18,0x28,0x64000)
39:633  0:000          Result of bootcode detection: bootable unknown (legacy)
39:633  0:000          This is SelfVolume !!
39:633  0:000  - [08]: Volume: PciRoot(0x0)\Pci(0x1B,0x0)\Pci(0x0,0x0)\NVMe(0x1,97-B1-B3-71-B3-38-25-00)\HD(2,GPT,7B3166B7-3EBB-4974-9EBE-4F0815F931EE,0x64028,0x3B97D260)
39:633  0:000          Result of bootcode detection: bootable unknown (legacy)
39:633  0:000  - [09]: Volume: PciRoot(0x0)\Pci(0x17,0x0)\Sata(0x0,0xFFFF,0x0)
39:634  0:000          Result of bootcode detection: bootable unknown (legacy)
39:634  0:000  - [10]: Volume: PciRoot(0x0)\Pci(0x17,0x0)\Sata(0x1,0xFFFF,0x0)
39:635  0:000  - [11]: Volume: PciRoot(0x0)\Pci(0x17,0x0)\Sata(0x2,0xFFFF,0x0)
39:635  0:000  - [12]: Volume: PciRoot(0x0)\Pci(0x17,0x0)\Sata(0x0,0xFFFF,0x0)\HD(1,GPT,D674A31F-D154-469D-91B8-18622012C2DD,0x800,0xF9800)
39:636  0:000          Result of bootcode detection: bootable Windows (vista,win)
39:636  0:000  - [13]: Volume: PciRoot(0x0)\Pci(0x17,0x0)\Sata(0x0,0xFFFF,0x0)\HD(2,GPT,BC476E85-4D55-4EA6-9D69-DCEE7B56F64F,0xFA000,0x31800)
39:637  0:000          Result of bootcode detection: bootable Windows (vista,win)
39:637  0:000  - [14]: Volume: PciRoot(0x0)\Pci(0x17,0x0)\Sata(0x0,0xFFFF,0x0)\HD(3,GPT,29CCF79B-4F28-4BFF-9DD1-230493C68E05,0x12B800,0x8000)
39:638  0:000  - [15]: Volume: PciRoot(0x0)\Pci(0x17,0x0)\Sata(0x0,0xFFFF,0x0)\HD(4,GPT,7D437EDE-1FB4-4AC4-B72F-FAD858E823E3,0x133800,0x1D092000)
39:638  0:000          Result of bootcode detection: bootable Windows (vista,win)
39:638  0:000  - [16]: Volume: PciRoot(0x0)\Pci(0x17,0x0)\Sata(0x1,0xFFFF,0x0)\HD(1,GPT,6FA3937E-83A3-4EAF-BC27-30C1E8ED60F5,0x28,0x64000)
39:639  0:000          Result of bootcode detection: bootable unknown (legacy)
39:639  0:000  - [17]: Volume: PciRoot(0x0)\Pci(0x17,0x0)\Sata(0x1,0xFFFF,0x0)\HD(2,GPT,C353643B-7A62-4748-BC1E-22723E0D3CE6,0x64028,0x74662D60)
39:640  0:000  - [18]: Volume: PciRoot(0x0)\Pci(0x17,0x0)\Sata(0x2,0xFFFF,0x0)\HD(1,GPT,2E17CDE5-5725-4883-B41F-A4B25FE7395F,0x28,0x64000)
39:641  0:000          Result of bootcode detection: bootable unknown (legacy)
39:641  0:000  - [19]: Volume: PciRoot(0x0)\Pci(0x17,0x0)\Sata(0x2,0xFFFF,0x0)\HD(2,GPT,64BB23CD-F73F-457A-93FA-C73225E13B11,0x64028,0x173FB160)
39:642  0:000  - [20]: Volume: PciRoot(0x0)\Pci(0x1B,0x0)\Pci(0x0,0x0)\NVMe(0x1,97-B1-B3-71-B3-38-25-00)\HD(2,GPT,7B3166B7-3EBB-4974-9EBE-4F0815F931EE,0x64028,0x3B97D260)\VenMedia(BE74FCF7-0B7C-49F3-9147-01F4042E6842,B82144C58E5B904DB484290688469512)
39:642  0:000  - [21]: Volume: PciRoot(0x0)\Pci(0x1B,0x0)\Pci(0x0,0x0)\NVMe(0x1,97-B1-B3-71-B3-38-25-00)\HD(2,GPT,7B3166B7-3EBB-4974-9EBE-4F0815F931EE,0x64028,0x3B97D260)\VenMedia(BE74FCF7-0B7C-49F3-9147-01F4042E6842,B2A722464DF2464DA24616B25EE42CD7)
39:642  0:000  - [22]: Volume: PciRoot(0x0)\Pci(0x1B,0x0)\Pci(0x0,0x0)\NVMe(0x1,97-B1-B3-71-B3-38-25-00)\HD(2,GPT,7B3166B7-3EBB-4974-9EBE-4F0815F931EE,0x64028,0x3B97D260)\VenMedia(BE74FCF7-0B7C-49F3-9147-01F4042E6842,F576D0CF3C4C6445A7FFF8E5F179AE97)
39:642  0:000  - [23]: Volume: PciRoot(0x0)\Pci(0x1B,0x0)\Pci(0x0,0x0)\NVMe(0x1,97-B1-B3-71-B3-38-25-00)\HD(2,GPT,7B3166B7-3EBB-4974-9EBE-4F0815F931EE,0x64028,0x3B97D260)\VenMedia(BE74FCF7-0B7C-49F3-9147-01F4042E6842,FA9B417DD35A9D4EB356D841FD516A47)
39:642  0:000  No AudioIoProtocols, status=Not Found
39:642  0:000  theme inited
39:642  0:000  Chosen theme Minimalism
39:642  0:000  after NVRAM boot-args=darkwake=0
39:642  0:000  === [ ScanLoader ] ========================================
39:642  0:000  - [01]: 'EFI'
39:646  0:003  - [02]: 'WDEHD_HFS+'
39:650  0:004  - [07]: 'EFI'
39:655  0:005          AddLoaderEntry for Volume Name=EFI
39:655  0:000       skipped because path `PciRoot(0x0)\Pci(0x1B,0x0)\Pci(0x0,0x0)\NVMe(0x1,97-B1-B3-71-B3-38-25-00)\HD(1,GPT,04BD6424-2DC4-4CED-8E3D-40B26A290A18,0x28,0x64000)\EFI\BOOT\BOOTX64.efii` is self path!
39:655  0:000  - [13]: 'EFI'
39:664  0:008          AddLoaderEntry for Volume Name=EFI
39:691  0:027          AddLoaderEntry for Volume Name=EFI
39:692  0:000  - [16]: 'EFI'
39:723  0:031  - [17]: 'Synology'
39:727  0:003  - [18]: 'EFI'
39:760  0:032  - [19]: 'ETC'
39:763  0:003  - [20]: 'Preboot'
39:774  0:010          AddLoaderEntry for Volume Name=Preboot
39:785  0:011      hibernated: set as never
39:785  0:000          [!] Icon 18 (icons\vol_internal_apfs.icns) not found (path: EFI\CLOVER\themes\Minimalism)
39:790  0:004          AddLoaderEntry for Volume Name=Preboot
39:825  0:034  - [21]: 'macOS'
39:922  0:096          AddLoaderEntry for Volume Name=macOS
39:945  0:023      hibernated: set as never
39:992  0:046  - [22]: 'Recovery'
40:000  0:008          AddLoaderEntry for Volume Name=Recovery
40:027  0:027  - [23]: 'VM'
40:031  0:003  Scanning legacy ...
40:031  0:000   3: 'Legacy HD3' (win) add legacy
40:031  0:000   added 'Boot Windows from Legacy HD3' OSType=2 Icon=win
40:031  0:000  12: 'Legacy HD1' (vista,win) add legacy
40:031  0:000   added 'Boot Windows from Legacy HD1' OSType=2 Icon=vista,win
40:031  0:000  13: 'EFI' (vista,win) add legacy
40:031  0:000   added 'Boot Windows from EFI' OSType=2 Icon=vista,win
40:031  0:000  15: 'Legacy HD4' (vista,win) add legacy
40:031  0:000   added 'Boot Windows from Legacy HD4' OSType=2 Icon=vista,win
40:031  0:000  === [ AddCustomTool ] =====================================
40:031  0:000  found tool \EFI\CLOVER\tools\Shell64U.efi
40:031  0:000  Checking EFI partition Volume 1 for Clover
40:031  0:000  Checking EFI partition Volume 7 for Clover
40:032  0:000   Found Clover
40:032  0:000  EmuVariable UninstallEmulation: CloseEvent = Invalid Parameter, original var services restored
40:032  0:000  EmuVariable InstallEmulation: orig vars copied, emu.var.services installed, CreateEvent VirtualAddressChange = Success, CreateEvent ExitBootServices = Success, set Status=Success
40:059  0:027  === [ GetEfiBootDeviceFromNvram ] =========================
40:059  0:000   - found entry 4. 'Boot macOS from macOS', Volume 'macOS', DevicePath 'PciRoot(0x0)\Pci(0x1B,0x0)\Pci(0x0,0x0)\NVMe(0x1,97-B1-B3-71-B3-38-25-00)\HD(2,GPT,7B3166B7-3EBB-4974-9EBE-4F0815F931EE,0x64028,0x3B97D260)\VenMedia(BE74FCF7-0B7C-49F3-9147-01F4042E6842,B2A722464DF2464DA24616B25EE42CD7)\System\Library\CoreServices\boot.efii'
40:059  0:000  EmuVariable UninstallEmulation: CloseEvent = Success, original var services restored
40:059  0:000  DefaultIndex=4 and MainMenu.EntryCount=16
50:330  10:270  ReinitSelfLib after theme change
50:330  0:000  reinit: self device path=PciRoot(0x0)\Pci(0x1B,0x0)\Pci(0x0,0x0)\NVMe(0x1,97-B1-B3-71-B3-38-25-00)\HD(1,GPT,04BD6424-2DC4-4CED-8E3D-40B26A290A18,0x28,0x64000)
50:330  0:000  === [ ScanVolumes ] =======================================
50:330  0:000  Found 24 volumes with blockIO
50:330  0:000  - [00]: Volume: PciRoot(0x0)\Pci(0x14,0x0)\USB(0x15,0x0)\USB(0x3,0x0)\USB(0x3,0x0)
50:330  0:000          USB volume
50:330  0:000          USB volume
50:330  0:000          USB volume
50:330  0:000  - [01]: Volume: PciRoot(0x0)\Pci(0x14,0x0)\USB(0x15,0x0)\USB(0x3,0x0)\USB(0x3,0x0)\HD(1,GPT,21FF6BE1-65A1-4EA5-9B7F-F9B553171A18,0x28,0x64000)
50:330  0:000          Result of bootcode detection: bootable unknown (legacy)
50:330  0:000          USB volume
50:330  0:000          USB volume
50:330  0:000          USB volume
50:330  0:000  - [02]: Volume: PciRoot(0x0)\Pci(0x14,0x0)\USB(0x15,0x0)\USB(0x3,0x0)\USB(0x3,0x0)\HD(2,GPT,58854C47-9B6A-435A-9BBE-D370E9EC1457,0x64028,0x5CF85510)
50:331  0:000          USB volume
50:331  0:000          USB volume
50:331  0:000          USB volume
50:331  0:000  - [03]: Volume: PciRoot(0x0)\Pci(0x14,0x0)\USB(0x15,0x0)\USB(0x3,0x0)\USB(0x3,0x0)\HD(3,GPT,64464DEC-5FEC-4B30-8B62-E95DE1FD8593,0x5CFE9800,0xF014800)
50:331  0:000          Result of bootcode detection: bootable Windows (win)
50:331  0:000          USB volume
50:331  0:000          USB volume
50:331  0:000          USB volume
50:331  0:000  - [04]: Volume: PciRoot(0x0)\Pci(0x14,0x0)\USB(0x15,0x0)\USB(0x3,0x0)\USB(0x3,0x0)\HD(4,GPT,0000126B-C130-A917-9CEB-FF6BD6240000,0x6BFFE000,0x86F8000)
50:331  0:000          Result of bootcode detection: bootable unknown (legacy)
50:331  0:000          USB volume
50:331  0:000          USB volume
50:331  0:000          USB volume
50:331  0:000  - [05]: Volume: PciRoot(0x0)\Pci(0x14,0x0)\USB(0x15,0x0)\USB(0x3,0x0)\USB(0x3,0x0)\Unit(0x1)
50:331  0:000          USB volume
50:331  0:000          USB volume
50:331  0:000          USB volume
50:331  0:000  - [06]: Volume: PciRoot(0x0)\Pci(0x1B,0x0)\Pci(0x0,0x0)\NVMe(0x1,97-B1-B3-71-B3-38-25-00)
50:331  0:000          hiding this volume
50:331  0:000  - [07]: Volume: PciRoot(0x0)\Pci(0x1B,0x0)\Pci(0x0,0x0)\NVMe(0x1,97-B1-B3-71-B3-38-25-00)\HD(1,GPT,04BD6424-2DC4-4CED-8E3D-40B26A290A18,0x28,0x64000)
50:331  0:000          Result of bootcode detection: bootable unknown (legacy)
50:331  0:000          hiding this volume
50:331  0:000          This is SelfVolume !!
50:331  0:000  - [08]: Volume: PciRoot(0x0)\Pci(0x1B,0x0)\Pci(0x0,0x0)\NVMe(0x1,97-B1-B3-71-B3-38-25-00)\HD(2,GPT,7B3166B7-3EBB-4974-9EBE-4F0815F931EE,0x64028,0x3B97D260)
50:331  0:000          Result of bootcode detection: bootable unknown (legacy)
50:331  0:000          hiding this volume
50:331  0:000  - [09]: Volume: PciRoot(0x0)\Pci(0x17,0x0)\Sata(0x0,0xFFFF,0x0)
50:332  0:000          Result of bootcode detection: bootable unknown (legacy)
50:332  0:000  - [10]: Volume: PciRoot(0x0)\Pci(0x17,0x0)\Sata(0x1,0xFFFF,0x0)
50:333  0:000  - [11]: Volume: PciRoot(0x0)\Pci(0x17,0x0)\Sata(0x2,0xFFFF,0x0)
50:333  0:000  - [12]: Volume: PciRoot(0x0)\Pci(0x17,0x0)\Sata(0x0,0xFFFF,0x0)\HD(1,GPT,D674A31F-D154-469D-91B8-18622012C2DD,0x800,0xF9800)
50:334  0:000          Result of bootcode detection: bootable Windows (vista,win)
50:334  0:000  - [13]: Volume: PciRoot(0x0)\Pci(0x17,0x0)\Sata(0x0,0xFFFF,0x0)\HD(2,GPT,BC476E85-4D55-4EA6-9D69-DCEE7B56F64F,0xFA000,0x31800)
50:335  0:000          Result of bootcode detection: bootable Windows (vista,win)
50:335  0:000  - [14]: Volume: PciRoot(0x0)\Pci(0x17,0x0)\Sata(0x0,0xFFFF,0x0)\HD(3,GPT,29CCF79B-4F28-4BFF-9DD1-230493C68E05,0x12B800,0x8000)
50:336  0:000  - [15]: Volume: PciRoot(0x0)\Pci(0x17,0x0)\Sata(0x0,0xFFFF,0x0)\HD(4,GPT,7D437EDE-1FB4-4AC4-B72F-FAD858E823E3,0x133800,0x1D092000)
50:336  0:000          Result of bootcode detection: bootable Windows (vista,win)
50:337  0:000  - [16]: Volume: PciRoot(0x0)\Pci(0x17,0x0)\Sata(0x1,0xFFFF,0x0)\HD(1,GPT,6FA3937E-83A3-4EAF-BC27-30C1E8ED60F5,0x28,0x64000)
50:337  0:000          Result of bootcode detection: bootable unknown (legacy)
50:338  0:000  - [17]: Volume: PciRoot(0x0)\Pci(0x17,0x0)\Sata(0x1,0xFFFF,0x0)\HD(2,GPT,C353643B-7A62-4748-BC1E-22723E0D3CE6,0x64028,0x74662D60)
50:338  0:000  - [18]: Volume: PciRoot(0x0)\Pci(0x17,0x0)\Sata(0x2,0xFFFF,0x0)\HD(1,GPT,2E17CDE5-5725-4883-B41F-A4B25FE7395F,0x28,0x64000)
50:339  0:000          Result of bootcode detection: bootable unknown (legacy)
50:340  0:000  - [19]: Volume: PciRoot(0x0)\Pci(0x17,0x0)\Sata(0x2,0xFFFF,0x0)\HD(2,GPT,64BB23CD-F73F-457A-93FA-C73225E13B11,0x64028,0x173FB160)
50:340  0:000  - [20]: Volume: PciRoot(0x0)\Pci(0x1B,0x0)\Pci(0x0,0x0)\NVMe(0x1,97-B1-B3-71-B3-38-25-00)\HD(2,GPT,7B3166B7-3EBB-4974-9EBE-4F0815F931EE,0x64028,0x3B97D260)\VenMedia(BE74FCF7-0B7C-49F3-9147-01F4042E6842,B82144C58E5B904DB484290688469512)
50:340  0:000          hiding this volume
50:340  0:000  - [21]: Volume: PciRoot(0x0)\Pci(0x1B,0x0)\Pci(0x0,0x0)\NVMe(0x1,97-B1-B3-71-B3-38-25-00)\HD(2,GPT,7B3166B7-3EBB-4974-9EBE-4F0815F931EE,0x64028,0x3B97D260)\VenMedia(BE74FCF7-0B7C-49F3-9147-01F4042E6842,B2A722464DF2464DA24616B25EE42CD7)
50:340  0:000          hiding this volume
50:340  0:000  - [22]: Volume: PciRoot(0x0)\Pci(0x1B,0x0)\Pci(0x0,0x0)\NVMe(0x1,97-B1-B3-71-B3-38-25-00)\HD(2,GPT,7B3166B7-3EBB-4974-9EBE-4F0815F931EE,0x64028,0x3B97D260)\VenMedia(BE74FCF7-0B7C-49F3-9147-01F4042E6842,F576D0CF3C4C6445A7FFF8E5F179AE97)
50:340  0:000          hiding this volume
50:340  0:000  - [23]: Volume: PciRoot(0x0)\Pci(0x1B,0x0)\Pci(0x0,0x0)\NVMe(0x1,97-B1-B3-71-B3-38-25-00)\HD(2,GPT,7B3166B7-3EBB-4974-9EBE-4F0815F931EE,0x64028,0x3B97D260)\VenMedia(BE74FCF7-0B7C-49F3-9147-01F4042E6842,FA9B417DD35A9D4EB356D841FD516A47)
50:340  0:000          hiding this volume
50:340  0:000  No AudioIoProtocols, status=Not Found
50:340  0:000  theme inited
50:340  0:000  Chosen theme Minimalism
50:340  0:000  after NVRAM boot-args=darkwake=0
50:341  0:000  === [ ScanLoader ] ========================================
50:341  0:000  - [01]: 'EFI'
50:344  0:003  - [02]: 'WDEHD_HFS+'
50:348  0:004  - [07]: 'EFI', hidden
50:348  0:000  - [13]: 'EFI'
50:356  0:008          AddLoaderEntry for Volume Name=EFI
50:382  0:026          AddLoaderEntry for Volume Name=EFI
50:382  0:000          skipped because entry is hidden
50:382  0:000  - [16]: 'EFI'
50:415  0:032  - [17]: 'Synology'
50:419  0:003  - [18]: 'EFI'
50:450  0:031  - [19]: 'ETC'
50:454  0:003  - [20]: 'Preboot', hidden
50:454  0:000  - [21]: 'macOS', hidden
50:454  0:000  - [22]: 'Recovery', hidden
50:454  0:000  - [23]: 'VM', hidden
50:454  0:000  Scanning legacy ...
50:454  0:000   3: 'Legacy HD3' (win) add legacy
50:454  0:000   added 'Boot Windows from Legacy HD3' OSType=2 Icon=win
50:454  0:000  12: 'Legacy HD1' (vista,win) add legacy
50:455  0:000   added 'Boot Windows from Legacy HD1' OSType=2 Icon=vista,win
50:455  0:000  13: 'EFI' (vista,win) add legacy
50:455  0:000   added 'Boot Windows from EFI' OSType=2 Icon=vista,win
50:455  0:000  15: 'Legacy HD4' (vista,win) add legacy
50:455  0:000   added 'Boot Windows from Legacy HD4' OSType=2 Icon=vista,win
50:455  0:000  === [ AddCustomTool ] =====================================
50:455  0:000  found tool \EFI\CLOVER\tools\Shell64U.efi
50:455  0:000  Checking EFI partition Volume 1 for Clover
50:455  0:000  Checking EFI partition Volume 7 for Clover
50:455  0:000   Found Clover
50:455  0:000  EmuVariable UninstallEmulation: CloseEvent = Invalid Parameter, original var services restored
50:455  0:000  EmuVariable InstallEmulation: orig vars copied, emu.var.services installed, CreateEvent VirtualAddressChange = Success, CreateEvent ExitBootServices = Success, set Status=Success
50:483  0:027  === [ GetEfiBootDeviceFromNvram ] =========================
50:483  0:000  Default boot entry not found
50:483  0:000  EmuVariable UninstallEmulation: CloseEvent = Success, original var services restored
50:483  0:000  DefaultIndex=-1 and MainMenu.EntryCount=11
54:772  4:288  ReinitSelfLib after theme change
54:772  0:000  reinit: self device path=PciRoot(0x0)\Pci(0x1B,0x0)\Pci(0x0,0x0)\NVMe(0x1,97-B1-B3-71-B3-38-25-00)\HD(1,GPT,04BD6424-2DC4-4CED-8E3D-40B26A290A18,0x28,0x64000)
54:772  0:000  === [ ScanVolumes ] =======================================
54:772  0:000  Found 24 volumes with blockIO
54:772  0:000  - [00]: Volume: PciRoot(0x0)\Pci(0x14,0x0)\USB(0x15,0x0)\USB(0x3,0x0)\USB(0x3,0x0)
54:772  0:000          USB volume
54:772  0:000          USB volume
54:772  0:000          USB volume
54:772  0:000  - [01]: Volume: PciRoot(0x0)\Pci(0x14,0x0)\USB(0x15,0x0)\USB(0x3,0x0)\USB(0x3,0x0)\HD(1,GPT,21FF6BE1-65A1-4EA5-9B7F-F9B553171A18,0x28,0x64000)
54:772  0:000          Result of bootcode detection: bootable unknown (legacy)
54:772  0:000          USB volume
54:772  0:000          USB volume
54:772  0:000          USB volume
54:772  0:000  - [02]: Volume: PciRoot(0x0)\Pci(0x14,0x0)\USB(0x15,0x0)\USB(0x3,0x0)\USB(0x3,0x0)\HD(2,GPT,58854C47-9B6A-435A-9BBE-D370E9EC1457,0x64028,0x5CF85510)
54:772  0:000          USB volume
54:772  0:000          USB volume
54:772  0:000          USB volume
54:772  0:000  - [03]: Volume: PciRoot(0x0)\Pci(0x14,0x0)\USB(0x15,0x0)\USB(0x3,0x0)\USB(0x3,0x0)\HD(3,GPT,64464DEC-5FEC-4B30-8B62-E95DE1FD8593,0x5CFE9800,0xF014800)
54:773  0:000          Result of bootcode detection: bootable Windows (win)
54:773  0:000          USB volume
54:773  0:000          USB volume
54:773  0:000          USB volume
54:773  0:000  - [04]: Volume: PciRoot(0x0)\Pci(0x14,0x0)\USB(0x15,0x0)\USB(0x3,0x0)\USB(0x3,0x0)\HD(4,GPT,0000126B-C130-A917-9CEB-FF6BD6240000,0x6BFFE000,0x86F8000)
54:773  0:000          Result of bootcode detection: bootable unknown (legacy)
54:773  0:000          USB volume
54:773  0:000          USB volume
54:773  0:000          USB volume
54:773  0:000  - [05]: Volume: PciRoot(0x0)\Pci(0x14,0x0)\USB(0x15,0x0)\USB(0x3,0x0)\USB(0x3,0x0)\Unit(0x1)
54:773  0:000          USB volume
54:773  0:000          USB volume
54:773  0:000          USB volume
54:773  0:000  - [06]: Volume: PciRoot(0x0)\Pci(0x1B,0x0)\Pci(0x0,0x0)\NVMe(0x1,97-B1-B3-71-B3-38-25-00)
54:773  0:000  - [07]: Volume: PciRoot(0x0)\Pci(0x1B,0x0)\Pci(0x0,0x0)\NVMe(0x1,97-B1-B3-71-B3-38-25-00)\HD(1,GPT,04BD6424-2DC4-4CED-8E3D-40B26A290A18,0x28,0x64000)
54:773  0:000          Result of bootcode detection: bootable unknown (legacy)
54:773  0:000          This is SelfVolume !!
54:773  0:000  - [08]: Volume: PciRoot(0x0)\Pci(0x1B,0x0)\Pci(0x0,0x0)\NVMe(0x1,97-B1-B3-71-B3-38-25-00)\HD(2,GPT,7B3166B7-3EBB-4974-9EBE-4F0815F931EE,0x64028,0x3B97D260)
54:773  0:000          Result of bootcode detection: bootable unknown (legacy)
54:773  0:000  - [09]: Volume: PciRoot(0x0)\Pci(0x17,0x0)\Sata(0x0,0xFFFF,0x0)
54:774  0:000          Result of bootcode detection: bootable unknown (legacy)
54:774  0:000  - [10]: Volume: PciRoot(0x0)\Pci(0x17,0x0)\Sata(0x1,0xFFFF,0x0)
54:774  0:000  - [11]: Volume: PciRoot(0x0)\Pci(0x17,0x0)\Sata(0x2,0xFFFF,0x0)
54:775  0:000  - [12]: Volume: PciRoot(0x0)\Pci(0x17,0x0)\Sata(0x0,0xFFFF,0x0)\HD(1,GPT,D674A31F-D154-469D-91B8-18622012C2DD,0x800,0xF9800)
54:776  0:000          Result of bootcode detection: bootable Windows (vista,win)
54:776  0:000  - [13]: Volume: PciRoot(0x0)\Pci(0x17,0x0)\Sata(0x0,0xFFFF,0x0)\HD(2,GPT,BC476E85-4D55-4EA6-9D69-DCEE7B56F64F,0xFA000,0x31800)
54:776  0:000          Result of bootcode detection: bootable Windows (vista,win)
54:777  0:000  - [14]: Volume: PciRoot(0x0)\Pci(0x17,0x0)\Sata(0x0,0xFFFF,0x0)\HD(3,GPT,29CCF79B-4F28-4BFF-9DD1-230493C68E05,0x12B800,0x8000)
54:777  0:000  - [15]: Volume: PciRoot(0x0)\Pci(0x17,0x0)\Sata(0x0,0xFFFF,0x0)\HD(4,GPT,7D437EDE-1FB4-4AC4-B72F-FAD858E823E3,0x133800,0x1D092000)
54:778  0:000          Result of bootcode detection: bootable Windows (vista,win)
54:778  0:000  - [16]: Volume: PciRoot(0x0)\Pci(0x17,0x0)\Sata(0x1,0xFFFF,0x0)\HD(1,GPT,6FA3937E-83A3-4EAF-BC27-30C1E8ED60F5,0x28,0x64000)
54:779  0:000          Result of bootcode detection: bootable unknown (legacy)
54:779  0:000  - [17]: Volume: PciRoot(0x0)\Pci(0x17,0x0)\Sata(0x1,0xFFFF,0x0)\HD(2,GPT,C353643B-7A62-4748-BC1E-22723E0D3CE6,0x64028,0x74662D60)
54:780  0:000  - [18]: Volume: PciRoot(0x0)\Pci(0x17,0x0)\Sata(0x2,0xFFFF,0x0)\HD(1,GPT,2E17CDE5-5725-4883-B41F-A4B25FE7395F,0x28,0x64000)
54:781  0:000          Result of bootcode detection: bootable unknown (legacy)
54:781  0:000  - [19]: Volume: PciRoot(0x0)\Pci(0x17,0x0)\Sata(0x2,0xFFFF,0x0)\HD(2,GPT,64BB23CD-F73F-457A-93FA-C73225E13B11,0x64028,0x173FB160)
54:782  0:000  - [20]: Volume: PciRoot(0x0)\Pci(0x1B,0x0)\Pci(0x0,0x0)\NVMe(0x1,97-B1-B3-71-B3-38-25-00)\HD(2,GPT,7B3166B7-3EBB-4974-9EBE-4F0815F931EE,0x64028,0x3B97D260)\VenMedia(BE74FCF7-0B7C-49F3-9147-01F4042E6842,B82144C58E5B904DB484290688469512)
54:782  0:000  - [21]: Volume: PciRoot(0x0)\Pci(0x1B,0x0)\Pci(0x0,0x0)\NVMe(0x1,97-B1-B3-71-B3-38-25-00)\HD(2,GPT,7B3166B7-3EBB-4974-9EBE-4F0815F931EE,0x64028,0x3B97D260)\VenMedia(BE74FCF7-0B7C-49F3-9147-01F4042E6842,B2A722464DF2464DA24616B25EE42CD7)
54:782  0:000  - [22]: Volume: PciRoot(0x0)\Pci(0x1B,0x0)\Pci(0x0,0x0)\NVMe(0x1,97-B1-B3-71-B3-38-25-00)\HD(2,GPT,7B3166B7-3EBB-4974-9EBE-4F0815F931EE,0x64028,0x3B97D260)\VenMedia(BE74FCF7-0B7C-49F3-9147-01F4042E6842,F576D0CF3C4C6445A7FFF8E5F179AE97)
54:782  0:000  - [23]: Volume: PciRoot(0x0)\Pci(0x1B,0x0)\Pci(0x0,0x0)\NVMe(0x1,97-B1-B3-71-B3-38-25-00)\HD(2,GPT,7B3166B7-3EBB-4974-9EBE-4F0815F931EE,0x64028,0x3B97D260)\VenMedia(BE74FCF7-0B7C-49F3-9147-01F4042E6842,FA9B417DD35A9D4EB356D841FD516A47)
54:782  0:000  No AudioIoProtocols, status=Not Found
54:782  0:000  theme inited
54:782  0:000  Chosen theme Minimalism
54:782  0:000  after NVRAM boot-args=darkwake=0
54:782  0:000  === [ ScanLoader ] ========================================
54:782  0:000  - [01]: 'EFI'
54:785  0:003  - [02]: 'WDEHD_HFS+'
54:790  0:004  - [07]: 'EFI'
54:795  0:005          AddLoaderEntry for Volume Name=EFI
54:795  0:000       skipped because path `PciRoot(0x0)\Pci(0x1B,0x0)\Pci(0x0,0x0)\NVMe(0x1,97-B1-B3-71-B3-38-25-00)\HD(1,GPT,04BD6424-2DC4-4CED-8E3D-40B26A290A18,0x28,0x64000)\EFI\BOOT\BOOTX64.efii` is self path!
54:795  0:000  - [13]: 'EFI'
54:803  0:008          AddLoaderEntry for Volume Name=EFI
54:831  0:027          AddLoaderEntry for Volume Name=EFI
54:831  0:000  - [16]: 'EFI'
54:864  0:032  - [17]: 'Synology'
54:867  0:003  - [18]: 'EFI'
54:899  0:031  - [19]: 'ETC'
54:903  0:003  - [20]: 'Preboot'
54:913  0:010          AddLoaderEntry for Volume Name=Preboot
54:924  0:010      hibernated: set as never
54:930  0:005          AddLoaderEntry for Volume Name=Preboot
54:965  0:034  - [21]: 'macOS'
55:047  0:081          AddLoaderEntry for Volume Name=macOS
55:066  0:019      hibernated: set as never
55:113  0:046  - [22]: 'Recovery'
55:121  0:008          AddLoaderEntry for Volume Name=Recovery
55:148  0:027  - [23]: 'VM'
55:152  0:003  Scanning legacy ...
55:152  0:000   3: 'Legacy HD3' (win) add legacy
55:152  0:000   added 'Boot Windows from Legacy HD3' OSType=2 Icon=win
55:152  0:000  12: 'Legacy HD1' (vista,win) add legacy
55:153  0:000   added 'Boot Windows from Legacy HD1' OSType=2 Icon=vista,win
55:153  0:000  13: 'EFI' (vista,win) add legacy
55:153  0:000   added 'Boot Windows from EFI' OSType=2 Icon=vista,win
55:153  0:000  15: 'Legacy HD4' (vista,win) add legacy
55:153  0:000   added 'Boot Windows from Legacy HD4' OSType=2 Icon=vista,win
55:153  0:000  === [ AddCustomTool ] =====================================
55:153  0:000  found tool \EFI\CLOVER\tools\Shell64U.efi
55:153  0:000  Checking EFI partition Volume 1 for Clover
55:153  0:000  Checking EFI partition Volume 7 for Clover
55:153  0:000   Found Clover
55:153  0:000  EmuVariable UninstallEmulation: CloseEvent = Invalid Parameter, original var services restored
55:153  0:000  EmuVariable InstallEmulation: orig vars copied, emu.var.services installed, CreateEvent VirtualAddressChange = Success, CreateEvent ExitBootServices = Success, set Status=Success
55:181  0:028  === [ GetEfiBootDeviceFromNvram ] =========================
55:181  0:000   - found entry 4. 'Boot macOS from macOS', Volume 'macOS', DevicePath 'PciRoot(0x0)\Pci(0x1B,0x0)\Pci(0x0,0x0)\NVMe(0x1,97-B1-B3-71-B3-38-25-00)\HD(2,GPT,7B3166B7-3EBB-4974-9EBE-4F0815F931EE,0x64028,0x3B97D260)\VenMedia(BE74FCF7-0B7C-49F3-9147-01F4042E6842,B2A722464DF2464DA24616B25EE42CD7)\System\Library\CoreServices\boot.efii'
55:181  0:000  EmuVariable UninstallEmulation: CloseEvent = Success, original var services restored
55:181  0:000  DefaultIndex=4 and MainMenu.EntryCount=16
77:491  22:309  Boot option Boot0000 not found
77:491  0:000  === [ StartLoader ] =======================================
77:491  0:000  Finally: ExternalClock=25MHz BusSpeed=99765kHz CPUFreq=3192MHz PIS: hw.busfrequency=100000000Hz
77:491  0:000  Loading boot.efi  status=Success
77:561  0:070  GetOSVersion: 10.14.5 (18F132)
77:561  0:000  CSR_CFG: CSR_ALLOW_UNTRUSTED_KEXTS | CSR_ALLOW_UNRESTRICTED_FS | CSR_ALLOW_TASK_FOR_PID | CSR_ALLOW_UNRESTRICTED_DTRACE | CSR_ALLOW_UNRESTRICTED_NVRAM
77:561  0:000  Filtering KextPatches:
77:561  0:000   - [00]: com.apple.driver.AppleGraphicsDevicePolicy (Prevent AGDP from loading) :: BinPatch :: [OS: 10.14.5 | MatchOS: All | MatchBuild: All] ==> allowed
77:561  0:000   - [01]: com.apple.iokit.IOAHCIBlockStorage (Enable TRIM for SSD) :: BinPatch :: [OS: 10.14.5 | MatchOS: All | MatchBuild: All] ==> allowed
77:561  0:000  Will not patch boot.efi
77:561  0:000  EmuVariable InstallEmulation: orig vars copied, emu.var.services installed, CreateEvent VirtualAddressChange = Success, CreateEvent ExitBootServices = Success, set Status=Success
77:590  0:028  === [ PatchSmbios ] =======================================
77:590  0:000  insert table 9 for dev 0:0
77:590  0:000  insert table 9 for dev 0:1
77:590  0:000  insert table 9 for dev 1F:6
77:590  0:000  insert table 9 for dev 0:0
77:591  0:000  Trusting SMBIOS...
77:591  0:000  Channels: 2
77:591  0:000  Interleave: 0 2 1 3 4 6 5 7 8 10 9 11 12 14 13 15 16 18 17 19 20 22 21 23
77:591  0:000   partNum=IM48GU88N26-GIIHA0  
77:591  0:000  Type17->Manufacturer corrected by SMBIOS from NoName to 0898
77:591  0:000  SMBIOS Type 17 Index = 0 => 0 0:
77:591  0:000  BANK 0 DIMM0 2666MHz 8192MB
77:591  0:000   partNum=IM48GU88N26-GIIHA0  
77:591  0:000  Type17->Manufacturer corrected by SMBIOS from NoName to 0898
77:591  0:000  SMBIOS Type 17 Index = 1 => 2 2:
77:591  0:000  BANK 1 DIMM0 2666MHz 8192MB
77:591  0:000  SMBIOS Type 17 Index = 2 => 1 1:
77:591  0:000  BANK 0 DIMM1 EMPTY
77:591  0:000  SMBIOS Type 17 Index = 3 => 3 3:
77:591  0:000  BANK 1 DIMM1 EMPTY
77:591  0:000  mTotalSystemMemory = 16384
77:591  0:000  NumberOfMemoryDevices = 4
77:591  0:000  Type20[0]->End = 0x7FFFFF, Type17[0] = 0x2000
77:591  0:000  Type20[1]->End = 0xFFFFFF, Type17[1] = 0x6000
77:591  0:000  Table 131 is present, CPUType=35
77:591  0:000  Change to: 705
77:591  0:000  === [ PatchACPI ] =========================================
77:591  0:000  Xsdt reallocation done
77:591  0:000  old FADT length=114
77:591  0:000   SignatureFixup: 0xEDCEEA8D -> 0x0
77:591  0:000  DSDT found in Clover volume OEM folder: EFI\CLOVER\ACPI\patched\DSDT.aml
77:592  0:000  Apply DsdtFixMask=0x00000000
77:592  0:000     drop _DSM mask=0x0000
77:592  0:000  === [ FixBiosDsdt ] =======================================
77:592  0:000  Patching DSDT:
77:592  0:000   - [change GFX0 to IGPU]: pattern 47465830, patched at: [ (173) (E) (12) (12) (12) (12) (12) (12) (12) (12) (12) (3ECB) (6F02) (921D) (1B) (369D) (14) (108C0) (1B68) (13C2D) ]
77:593  0:000   - [change HDAS to HDEF]: pattern 48444153, patched at: [ (261) (12) (12) (EE6D) (76) (3F) (66) (A7) (DB) (E2) (18FB5) (19D0) (A835) (8FCC) ]
77:593  0:000   - [change HECI to IMEI]: pattern 48454349, patched at: [ (2A388) ]
77:593  0:000   - [change MEI to IMEI]: pattern 4D45495F, bin not found / already patched!
77:593  0:000    0 replacements
77:594  0:000  PreCleanup XSDT: count=23, length=220
77:594  0:000  PreCleanup XSDT, corrected XSDT: count=23, length=220
77:594  0:000  === [ ACPIPatchedAML ] ====================================
77:594  0:000  AutoMerge pass 1
77:594  0:000  Unsorted
77:594  0:000  Inserting SSDT-USBX.aml from EFI\CLOVER\ACPI\patched: ignore on pass 1
77:594  0:000  Inserting SSDT-UIAC.aml from EFI\CLOVER\ACPI\patched: ignore on pass 1
77:594  0:000  === [ ACPIDropTables ] ====================================
77:594  0:000  0. [change GFX0 to IGPU]: pattern 47465830, bin not found / already patched!
77:594  0:000  1. [change HDAS to HDEF]: pattern 48444153, bin not found / already patched!
77:594  0:000  2. [change HECI to IMEI]: pattern 48454349, bin not found / already patched!
77:594  0:000  3. [change MEI to IMEI]: pattern 4D45495F, bin not found / already patched!
77:594  0:000    0 replacements
77:594  0:000  0. [change GFX0 to IGPU]: pattern 47465830, bin not found / already patched!
77:594  0:000  1. [change HDAS to HDEF]: pattern 48444153, bin not found / already patched!
77:594  0:000  2. [change HECI to IMEI]: pattern 48454349, bin not found / already patched!
77:594  0:000  3. [change MEI to IMEI]: pattern 4D45495F, bin not found / already patched!
77:594  0:000    0 replacements
77:594  0:000  Found OperationRegion(PNVS, SystemMemory, 6E27B000, ...)
77:594  0:000  0. [change GFX0 to IGPU]: pattern 47465830, bin not found / already patched!
77:594  0:000  1. [change HDAS to HDEF]: pattern 48444153, bin not found / already patched!
77:594  0:000  2. [change HECI to IMEI]: pattern 48454349, bin not found / already patched!
77:594  0:000  3. [change MEI to IMEI]: pattern 4D45495F, bin not found / already patched!
77:594  0:000    0 replacements
77:594  0:000  Found OperationRegion(GGGT, SystemMemory, 7955A118, ...)
77:594  0:000  0. [change GFX0 to IGPU]: pattern 47465830, patched at: [ (2D) (3A) (46) (2C1) (1C9B) (A3A) (1D) (6AF) ]
77:594  0:000  1. [change HDAS to HDEF]: pattern 48444153, bin not found / already patched!
77:594  0:000  2. [change HECI to IMEI]: pattern 48454349, bin not found / already patched!
77:594  0:000  3. [change MEI to IMEI]: pattern 4D45495F, bin not found / already patched!
77:594  0:000    0 replacements
77:594  0:000  Found OperationRegion(SANV, SystemMemory, 7948CD18, ...)
77:594  0:000  0. [change GFX0 to IGPU]: pattern 47465830, bin not found / already patched!
77:594  0:000  1. [change HDAS to HDEF]: pattern 48444153, bin not found / already patched!
77:594  0:000  2. [change HECI to IMEI]: pattern 48454349, bin not found / already patched!
77:594  0:000  3. [change MEI to IMEI]: pattern 4D45495F, bin not found / already patched!
77:594  0:000    0 replacements
77:594  0:000  0. [change GFX0 to IGPU]: pattern 47465830, bin not found / already patched!
77:594  0:000  1. [change HDAS to HDEF]: pattern 48444153, patched at: [ (AF4) (E) (E5B) (17) ]
77:594  0:000  2. [change HECI to IMEI]: pattern 48454349, bin not found / already patched!
77:594  0:000  3. [change MEI to IMEI]: pattern 4D45495F, bin not found / already patched!
77:594  0:000    0 replacements
77:594  0:000  0. [change GFX0 to IGPU]: pattern 47465830, bin not found / already patched!
77:594  0:000  1. [change HDAS to HDEF]: pattern 48444153, bin not found / already patched!
77:594  0:000  2. [change HECI to IMEI]: pattern 48454349, bin not found / already patched!
77:594  0:000  3. [change MEI to IMEI]: pattern 4D45495F, bin not found / already patched!
77:594  0:000    0 replacements
77:594  0:000  0. [change GFX0 to IGPU]: pattern 47465830, bin not found / already patched!
77:594  0:000  1. [change HDAS to HDEF]: pattern 48444153, bin not found / already patched!
77:594  0:000  2. [change HECI to IMEI]: pattern 48454349, bin not found / already patched!
77:594  0:000  3. [change MEI to IMEI]: pattern 4D45495F, bin not found / already patched!
77:594  0:000    0 replacements
77:594  0:000  0. [change GFX0 to IGPU]: pattern 47465830, bin not found / already patched!
77:594  0:000  1. [change HDAS to HDEF]: pattern 48444153, bin not found / already patched!
77:594  0:000  2. [change HECI to IMEI]: pattern 48454349, bin not found / already patched!
77:594  0:000  3. [change MEI to IMEI]: pattern 4D45495F, bin not found / already patched!
77:594  0:000    0 replacements
77:594  0:000  0. [change GFX0 to IGPU]: pattern 47465830, bin not found / already patched!
77:594  0:000  1. [change HDAS to HDEF]: pattern 48444153, bin not found / already patched!
77:594  0:000  2. [change HECI to IMEI]: pattern 48454349, bin not found / already patched!
77:594  0:000  3. [change MEI to IMEI]: pattern 4D45495F, bin not found / already patched!
77:594  0:000    0 replacements
77:594  0:000  === [ ACPIPatchedAML ] ====================================
77:594  0:000  AutoMerge pass 2
77:594  0:000  Unsorted
77:594  0:000  Inserting SSDT-USBX.aml from EFI\CLOVER\ACPI\patched: size=185 ... Success
77:594  0:000  Inserting SSDT-UIAC.aml from EFI\CLOVER\ACPI\patched: size=693 ... Success
77:594  0:000  CPUBase=0 and ApicCPUBase=1 ApicCPUNum=1
77:594  0:000  Maximum control=0x20
77:594  0:000  Turbo control=0x2E
77:594  0:000  P-States: min 0x8, max 0x2E
77:594  0:000  SSDT with plugin-type without P-States is generated
77:594  0:000  Cleanup XSDT: count=26, length=244
77:594  0:000  corrected XSDT count=26, length=244
77:594  0:000  === [ RestSetup macOS ] ===================================
77:594  0:000  EdidDiscovered size=128
77:594  0:000  --- Discovered EDID Table size:128
77:594  0:000  000  |  00  FF  FF  FF  FF  FF  FF  00  10  AC
77:594  0:000  010  |  DB  A0  49  52  37  30  20  1C  01  04
77:594  0:000  020  |  A5  35  1E  78  3A  05  65  A7  56  52
77:594  0:000  030  |  9C  27  0F  50  54  A5  4B  00  71  4F
77:594  0:000  040  |  81  80  A9  C0  D1  C0  01  01  01  01
77:594  0:000  050  |  01  01  01  01  02  3A  80  18  71  38
77:594  0:000  060  |  2D  40  58  2C  45  00  0F  28  21  00
77:594  0:000  070  |  00  1E  00  00  00  FF  00  39  50  59
77:594  0:000  080  |  57  36  38  38  35  30  37  52  49  0A
77:594  0:000  090  |  00  00  00  FC  00  44  45  4C  4C  20
77:594  0:000  100  |  50  32  34  31  37  48  0A  20  00  00
77:594  0:000  110  |  00  FD  00  38  4C  1E  53  11  01  0A
77:594  0:000  120  |  20  20  20  20  20  20  00  1D
77:594  0:000  add device: PciRoot(0x0)/Pci(0x2,0x0)
77:594  0:000     Add key=model valuelen=23
77:594  0:000     Add key=hda-gfx valuelen=10
77:594  0:000     Add key=framebuffer-unifiedmem valuelen=4
77:594  0:000     Add key=framebuffer-stolenmem valuelen=4
77:594  0:000     Add key=framebuffer-patch-enable valuelen=4
77:594  0:000     Add key=framebuffer-fbmem valuelen=4
77:594  0:000     Add key=framebuffer-con3-type valuelen=4
77:594  0:000     Add key=framebuffer-con3-pipe valuelen=4
77:594  0:000     Add key=framebuffer-con3-index valuelen=4
77:594  0:000     Add key=framebuffer-con3-flags valuelen=4
77:594  0:000     Add key=framebuffer-con3-enable valuelen=4
77:594  0:000     Add key=framebuffer-con3-busid valuelen=4
77:594  0:000     Add key=framebuffer-con2-type valuelen=4
77:594  0:000     Add key=framebuffer-con2-pipe valuelen=4
77:594  0:000     Add key=framebuffer-con2-index valuelen=4
77:594  0:000     Add key=framebuffer-con2-flags valuelen=4
77:594  0:000     Add key=framebuffer-con2-enable valuelen=4
77:594  0:000     Add key=framebuffer-con2-busid valuelen=4
77:594  0:000     Add key=framebuffer-con1-type valuelen=4
77:594  0:000     Add key=framebuffer-con1-pipe valuelen=4
77:594  0:000     Add key=framebuffer-con1-index valuelen=4
77:594  0:000     Add key=framebuffer-con1-flags valuelen=4
77:594  0:000     Add key=framebuffer-con1-enable valuelen=4
77:594  0:000     Add key=framebuffer-con1-busid valuelen=4
77:594  0:000     Add key=framebuffer-con0-type valuelen=4
77:594  0:000     Add key=framebuffer-con0-pipe valuelen=4
77:594  0:000     Add key=framebuffer-con0-index valuelen=4
77:594  0:000     Add key=framebuffer-con0-flags valuelen=4
77:594  0:000     Add key=framebuffer-con0-enable valuelen=4
77:594  0:000     Add key=framebuffer-con0-busid valuelen=4
77:594  0:000     Add key=device_type valuelen=19
77:594  0:000     Add key=device-id valuelen=4
77:594  0:000     Add key=AAPL,slot-name valuelen=9
77:594  0:000     Add key=AAPL,ig-platform-id valuelen=4
77:594  0:000     Add key=AAPL,GfxYTile valuelen=4
77:595  0:000  ATI injection not set
77:595  0:000  Intel GFX injection not set
77:595  0:000   RCBA disabled; cannot use it
77:595  0:000   setting specified layout-id=92 (0x5C)
77:595  0:000  stringlength = 4378
77:595  0:000  CurrentMode: Width=1920 Height=1080
77:595  0:000  Beginning FSInjection
FSInjectionInstall ...
- Our FSI_SIMPLE_FILE_SYSTEM_PROTOCOL installed on handle: 72656F98
FSInjectionInstall ...
- Our FSI_SIMPLE_FILE_SYSTEM_PROTOCOL installed on handle: 72656F98
77:595  0:000  Use origin smbios table type 1 guid.
77:598  0:002  Preparing kexts injection for arch=x86_64 from EFI\CLOVER\kexts\Other
77:598  0:000  Extra kext: EFI\CLOVER\kexts\Other\AirportBrcmFixup.kext (v.2.0.0)
77:600  0:002  Extra kext: EFI\CLOVER\kexts\Other\USBPorts.kext (v.1.0)
77:600  0:000  Extra kext: EFI\CLOVER\kexts\Other\VoodooPS2Controller.kext (v.1.9.2)
77:602  0:001    |-- PlugIn kext: EFI\CLOVER\kexts\Other\VoodooPS2Controller.kext\Contents\PlugIns\VoodooPS2Mouse.kext (v.1.9.2)
77:603  0:001    |-- PlugIn kext: EFI\CLOVER\kexts\Other\VoodooPS2Controller.kext\Contents\PlugIns\VoodooPS2Keyboard.kext (v.1.9.2)
77:605  0:001    |-- PlugIn kext: EFI\CLOVER\kexts\Other\VoodooPS2Controller.kext\Contents\PlugIns\VoodooPS2Trackpad.kext (v.1.9.2)
77:607  0:001  Extra kext: EFI\CLOVER\kexts\Other\EFICheckDisabler.kext (v.0.5)
77:608  0:001  Extra kext: EFI\CLOVER\kexts\Other\FakeSMC_GPUSensors.kext (v.1800)
77:610  0:001  Extra kext: EFI\CLOVER\kexts\Other\FakeSMC_LPCSensors.kext (v.1800)
77:626  0:016  Extra kext: EFI\CLOVER\kexts\Other\IntelMausiEthernet.kext (v.2.4.1d1)
77:629  0:002  Extra kext: EFI\CLOVER\kexts\Other\FakeSMC_CPUSensors.kext (v.1800)
77:630  0:001  Extra kext: EFI\CLOVER\kexts\Other\FakeSMC_ACPISensors.kext (v.1800)
77:632  0:002  Extra kext: EFI\CLOVER\kexts\Other\AppleALC.kext (v.1.3.8)
77:682  0:049  Extra kext: EFI\CLOVER\kexts\Other\FakeSMC_SMMSensors.kext (v.1800)
77:684  0:002  Extra kext: EFI\CLOVER\kexts\Other\FakeSMC.kext (v.1800)
77:687  0:003  Extra kext: EFI\CLOVER\kexts\Other\BrcmFirmwareRepo.kext (v.2.2.10)
77:689  0:001  Extra kext: EFI\CLOVER\kexts\Other\BrcmPatchRAM2.kext (v.2.2.10)
77:708  0:018  Extra kext: EFI\CLOVER\kexts\Other\Lilu.kext (v.1.3.6)
77:711  0:002  SetScreenResolution: 1920x1080 - already set
77:711  0:000  Custom boot is disabled
77:711  0:000  Closing log
